Chronologic VCS simulator copyright 1991-2020
Contains Synopsys proprietary information.
Compiler version R-2020.12-SP2-1_Full64; Runtime version R-2020.12-SP2-1_Full64;  Mar 14 18:13 2023
Cycle[0]
datacount[4]:(0)
ready_o[4]:(1)
ready_o[4]:(1)
rowNotEmpty[bin1]:(0,0,0,0)
Cycle[1]
datacount[4]:(0)
ready_o[4]:(1)
ready_o[4]:(1)
rowNotEmpty[bin1]:(0,0,0,0)
Cycle[2]
datacount[4]:(0)
ready_o[4]:(1)
ready_o[4]:(1)
rowNotEmpty[bin1]:(0,0,0,0)
Cycle[3]
datacount[4]:(0)
ready_o[4]:(1)
ready_o[4]:(1)
rowNotEmpty[bin1]:(0,1,0,0)
Cycle[4]
datacount[4]:(0)
ready_o[4]:(1)
ready_o[4]:(1)
rowNotEmpty[bin1]:(0,1,0,1)
Cycle[5]
datacount[4]:(0)
ready_o[4]:(1)
ready_o[4]:(1)
rowNotEmpty[bin1]:(0,1,0,1)
Cycle[6]
datacount[4]:(0)
ready_o[4]:(1)
ready_o[4]:(1)
rowNotEmpty[bin1]:(0,1,0,1)
Cycle[7]
datacount[4]:(0)
ready_o[4]:(1)
ready_o[4]:(1)
rowNotEmpty[bin1]:(0,1,0,1)
Cycle[8]
datacount[4]:(0)
ready_o[4]:(1)
ready_o[4]:(1)
rowNotEmpty[bin1]:(0,1,0,1)
Cycle[9]
datacount[4]:(0)
ready_o[4]:(1)
ready_o[4]:(1)
rowNotEmpty[bin1]:(0,1,0,1)
Cycle[10]
datacount[4]:(0)
ready_o[4]:(1)
ready_o[4]:(1)
rowNotEmpty[bin1]:(0,1,0,1)
Cycle[11]
datacount[4]:(0)
ready_o[4]:(1)
ready_o[4]:(1)
rowNotEmpty[bin1]:(0,1,0,1)
Cycle[12]
datacount[4]:(0)
ready_o[4]:(1)
ready_o[4]:(1)
rowNotEmpty[bin1]:(0,1,0,1)
Cycle[13]
datacount[4]:(0)
ready_o[4]:(1)
ready_o[4]:(1)
rowNotEmpty[bin1]:(0,1,0,1)
Cycle[14]
datacount[4]:(0)
ready_o[4]:(1)
ready_o[4]:(1)
rowNotEmpty[bin1]:(0,1,0,1)
Cycle[15]
datacount[4]:(0)
ready_o[4]:(1)
ready_o[4]:(1)
rowNotEmpty[bin1]:(0,1,0,1)
Cycle[16]
datacount[4]:(0)
ready_o[4]:(1)
ready_o[4]:(1)
rowNotEmpty[bin1]:(0,1,0,1)
Cycle[17]
datacount[4]:(0)
ready_o[4]:(1)
ready_o[4]:(1)
rowNotEmpty[bin1]:(1,1,0,1)
Cycle[18]
datacount[4]:(0)
ready_o[4]:(1)
ready_o[4]:(1)
rowNotEmpty[bin1]:(1,1,0,1)
Cycle[19]
datacount[4]:(0)
ready_o[4]:(1)
ready_o[4]:(1)
rowNotEmpty[bin1]:(1,1,1,1)
Cycle[20]
datacount[4]:(0)
ready_o[4]:(1)
ready_o[4]:(1)
rowNotEmpty[bin1]:(1,1,1,1)
Cycle[21]
datacount[4]:(0)
ready_o[4]:(1)
ready_o[4]:(1)
rowNotEmpty[bin1]:(1,1,1,1)
Cycle[22]
datacount[4]:(0)
ready_o[4]:(1)
ready_o[4]:(1)
rowNotEmpty[bin1]:(1,1,1,1)
Cycle[23]
datacount[4]:(0)
ready_o[4]:(1)
ready_o[4]:(1)
rowNotEmpty[bin1]:(1,1,1,1)
Cycle[24]
datacount[4]:(0)
ready_o[4]:(1)
ready_o[4]:(1)
rowNotEmpty[bin1]:(1,1,1,1)
Cycle[25]
datacount[4]:(0)
ready_o[4]:(1)
ready_o[4]:(1)
rowNotEmpty[bin1]:(1,1,1,1)
Cycle[26]
datacount[4]:(0)
ready_o[4]:(1)
ready_o[4]:(1)
rowNotEmpty[bin1]:(1,1,1,1)
Cycle[27]
datacount[4]:(0)
ready_o[4]:(1)
ready_o[4]:(1)
rowNotEmpty[bin1]:(1,1,1,1)
Cycle[28]
datacount[4]:(0)
ready_o[4]:(1)
ready_o[4]:(1)
rowNotEmpty[bin1]:(1,1,1,1)
Cycle[29]
datacount[4]:(0)
ready_o[4]:(1)
ready_o[4]:(1)
rowNotEmpty[bin1]:(1,1,1,1)
Cycle[30]
datacount[4]:(0)
ready_o[4]:(1)
ready_o[4]:(1)
rowNotEmpty[bin1]:(1,1,1,1)
Cycle[31]
datacount[4]:(0)
ready_o[4]:(1)
ready_o[4]:(1)
rowNotEmpty[bin1]:(1,1,1,1)
Cycle[32]
datacount[4]:(0)
ready_o[4]:(1)
ready_o[4]:(1)
rowNotEmpty[bin1]:(1,1,1,1)
Cycle[33]
datacount[4]:(0)
ready_o[4]:(1)
ready_o[4]:(1)
rowNotEmpty[bin1]:(1,1,1,1)
Cycle[34]
datacount[4]:(0)
ready_o[4]:(1)
ready_o[4]:(1)
rowNotEmpty[bin1]:(1,1,1,1)
Cycle[35]
datacount[4]:(0)
ready_o[4]:(1)
ready_o[4]:(1)
rowNotEmpty[bin1]:(1,1,1,1)
Cycle[36]
datacount[4]:(0)
ready_o[4]:(1)
ready_o[4]:(1)
rowNotEmpty[bin1]:(1,1,1,1)
Cycle[37]
datacount[4]:(0)
ready_o[4]:(1)
ready_o[4]:(1)
rowNotEmpty[bin1]:(1,1,1,1)
Cycle[38]
datacount[4]:(0)
ready_o[4]:(1)
ready_o[4]:(1)
rowNotEmpty[bin1]:(1,1,1,1)
Cycle[39]
datacount[4]:(0)
ready_o[4]:(1)
ready_o[4]:(1)
rowNotEmpty[bin1]:(1,1,1,1)
Cycle[40]
datacount[4]:(0)
ready_o[4]:(1)
ready_o[4]:(1)
rowNotEmpty[bin1]:(1,1,1,1)
Cycle[41]
datacount[4]:(0)
ready_o[4]:(1)
ready_o[4]:(1)
rowNotEmpty[bin1]:(1,1,1,1)
Cycle[42]
datacount[4]:(0)
ready_o[4]:(1)
ready_o[4]:(1)
rowNotEmpty[bin1]:(1,1,1,1)
Cycle[43]
datacount[4]:(0)
ready_o[4]:(1)
ready_o[4]:(1)
rowNotEmpty[bin1]:(1,1,1,1)
Cycle[44]
datacount[4]:(0)
ready_o[4]:(1)
ready_o[4]:(1)
rowNotEmpty[bin1]:(1,1,1,1)
Cycle[45]
datacount[4]:(0)
ready_o[4]:(1)
ready_o[4]:(1)
rowNotEmpty[bin1]:(1,1,1,1)
Cycle[46]
datacount[4]:(0)
ready_o[4]:(1)
ready_o[4]:(1)
rowNotEmpty[bin1]:(1,1,1,1)
Cycle[47]
datacount[4]:(0)
ready_o[4]:(1)
ready_o[4]:(1)
rowNotEmpty[bin1]:(1,1,1,1)
Cycle[48]
datacount[4]:(0)
ready_o[4]:(1)
ready_o[4]:(1)
rowNotEmpty[bin1]:(1,1,1,1)
Cycle[49]
datacount[4]:(0)
ready_o[4]:(1)
ready_o[4]:(1)
rowNotEmpty[bin1]:(1,1,1,1)
Cycle[50]
datacount[4]:(0)
ready_o[4]:(1)
ready_o[4]:(1)
rowNotEmpty[bin1]:(1,1,1,1)
Cycle[51]
datacount[4]:(0)
ready_o[4]:(1)
ready_o[4]:(1)
rowNotEmpty[bin1]:(1,1,1,1)
Cycle[52]
datacount[4]:(0)
ready_o[4]:(1)
ready_o[4]:(1)
rowNotEmpty[bin1]:(1,1,1,1)
Cycle[53]
datacount[4]:(0)
ready_o[4]:(1)
ready_o[4]:(1)
rowNotEmpty[bin1]:(1,1,1,1)
Cycle[54]
datacount[4]:(0)
ready_o[4]:(1)
ready_o[4]:(1)
rowNotEmpty[bin1]:(1,1,1,1)
Cycle[55]
datacount[4]:(0)
ready_o[4]:(1)
ready_o[4]:(1)
rowNotEmpty[bin1]:(1,1,1,1)
Cycle[56]
datacount[4]:(0)
ready_o[4]:(1)
ready_o[4]:(1)
rowNotEmpty[bin1]:(1,1,1,1)
Cycle[57]
datacount[4]:(0)
ready_o[4]:(1)
ready_o[4]:(1)
rowNotEmpty[bin1]:(1,1,1,1)
Cycle[58]
datacount[4]:(0)
ready_o[4]:(1)
ready_o[4]:(1)
rowNotEmpty[bin1]:(1,1,1,1)
Cycle[59]
datacount[4]:(0)
ready_o[4]:(1)
ready_o[4]:(1)
rowNotEmpty[bin1]:(1,1,1,1)
Cycle[60]
datacount[4]:(0)
ready_o[4]:(1)
ready_o[4]:(1)
rowNotEmpty[bin1]:(1,1,1,1)
Cycle[61]
datacount[4]:(0)
ready_o[4]:(1)
ready_o[4]:(1)
rowNotEmpty[bin1]:(1,1,1,1)
Cycle[62]
datacount[4]:(0)
ready_o[4]:(1)
ready_o[4]:(1)
rowNotEmpty[bin1]:(1,1,1,1)
Cycle[63]
datacount[4]:(0)
ready_o[4]:(1)
ready_o[4]:(1)
rowNotEmpty[bin1]:(1,1,1,1)
Cycle[64]
datacount[4]:(0)
ready_o[4]:(1)
ready_o[4]:(1)
rowNotEmpty[bin1]:(1,1,1,1)
Cycle[65]
datacount[4]:(0)
ready_o[4]:(1)
ready_o[4]:(1)
rowNotEmpty[bin1]:(1,1,1,1)
Cycle[66]
datacount[4]:(0)
ready_o[4]:(1)
ready_o[4]:(1)
rowNotEmpty[bin1]:(1,1,1,1)
Cycle[67]
datacount[4]:(0)
ready_o[4]:(1)
ready_o[4]:(1)
rowNotEmpty[bin1]:(1,1,1,1)
Cycle[68]
datacount[4]:(0)
ready_o[4]:(1)
ready_o[4]:(1)
rowNotEmpty[bin1]:(1,1,1,1)
Cycle[69]
datacount[4]:(0)
ready_o[4]:(1)
ready_o[4]:(1)
rowNotEmpty[bin1]:(1,1,1,1)
Cycle[70]
datacount[4]:(1)
ready_o[4]:(1)
ready_o[4]:(1)
rowNotEmpty[bin1]:(1,1,1,1)
Cycle[71]
datacount[4]:(1)
ready_o[4]:(1)
ready_o[4]:(1)
rowNotEmpty[bin1]:(1,1,1,1)
Cycle[72]
datacount[4]:(0)
ready_o[4]:(1)
ready_o[4]:(1)
rowNotEmpty[bin1]:(1,1,1,1)
Cycle[73]
datacount[4]:(0)
ready_o[4]:(1)
ready_o[4]:(1)
rowNotEmpty[bin1]:(1,1,1,1)
Cycle[74]
datacount[4]:(0)
ready_o[4]:(1)
ready_o[4]:(1)
rowNotEmpty[bin1]:(1,1,1,1)
Cycle[75]
datacount[4]:(0)
ready_o[4]:(1)
ready_o[4]:(1)
rowNotEmpty[bin1]:(1,1,1,1)
Cycle[76]
datacount[4]:(0)
ready_o[4]:(1)
ready_o[4]:(1)
rowNotEmpty[bin1]:(1,1,1,1)
Cycle[77]
datacount[4]:(1)
ready_o[4]:(1)
ready_o[4]:(1)
rowNotEmpty[bin1]:(1,1,1,1)
Cycle[78]
datacount[4]:(1)
ready_o[4]:(1)
ready_o[4]:(1)
rowNotEmpty[bin1]:(1,1,1,1)
Cycle[79]
datacount[4]:(0)
ready_o[4]:(1)
ready_o[4]:(1)
rowNotEmpty[bin1]:(1,1,1,1)
Cycle[80]
datacount[4]:(1)
ready_o[4]:(1)
ready_o[4]:(1)
rowNotEmpty[bin1]:(1,1,1,1)
Cycle[81]
datacount[4]:(1)
ready_o[4]:(1)
ready_o[4]:(1)
rowNotEmpty[bin1]:(1,1,1,1)
Cycle[82]
datacount[4]:(0)
ready_o[4]:(1)
ready_o[4]:(1)
rowNotEmpty[bin1]:(0,1,1,1)
Cycle[83]
datacount[4]:(0)
ready_o[4]:(1)
ready_o[4]:(1)
rowNotEmpty[bin1]:(0,0,1,1)
Cycle[84]
datacount[4]:(0)
ready_o[4]:(1)
ready_o[4]:(1)
rowNotEmpty[bin1]:(0,0,1,1)
Cycle[85]
datacount[4]:(1)
ready_o[4]:(1)
ready_o[4]:(1)
rowNotEmpty[bin1]:(0,0,0,1)
Cycle[86]
datacount[4]:(1)
ready_o[4]:(1)
ready_o[4]:(1)
rowNotEmpty[bin1]:(0,0,0,0)
Cycle[87]
datacount[4]:(0)
ready_o[4]:(1)
ready_o[4]:(1)
rowNotEmpty[bin1]:(0,0,0,0)
Cycle[88]
datacount[4]:(0)
ready_o[4]:(1)
ready_o[4]:(1)
rowNotEmpty[bin1]:(0,0,0,0)
Cycle[89]
datacount[4]:(0)
ready_o[4]:(1)
ready_o[4]:(1)
rowNotEmpty[bin1]:(0,0,0,0)
Cycle[90]
datacount[4]:(1)
ready_o[4]:(1)
ready_o[4]:(1)
rowNotEmpty[bin1]:(0,0,0,0)
Cycle[91]
datacount[4]:(1)
ready_o[4]:(1)
ready_o[4]:(1)
rowNotEmpty[bin1]:(0,0,0,0)
Cycle[92]
datacount[4]:(1)
ready_o[4]:(1)
ready_o[4]:(1)
rowNotEmpty[bin1]:(0,1,0,0)
Cycle[93]
datacount[4]:(0)
ready_o[4]:(1)
ready_o[4]:(1)
rowNotEmpty[bin1]:(0,1,1,0)
Cycle[94]
datacount[4]:(1)
ready_o[4]:(1)
ready_o[4]:(1)
rowNotEmpty[bin1]:(1,1,1,0)
Cycle[95]
datacount[4]:(1)
ready_o[4]:(1)
ready_o[4]:(1)
rowNotEmpty[bin1]:(1,1,1,1)
Cycle[96]
datacount[4]:(0)
ready_o[4]:(1)
ready_o[4]:(1)
rowNotEmpty[bin1]:(1,1,1,1)
Cycle[97]
datacount[4]:(1)
ready_o[4]:(1)
ready_o[4]:(1)
rowNotEmpty[bin1]:(1,1,1,1)
Cycle[98]
datacount[4]:(0)
ready_o[4]:(1)
ready_o[4]:(1)
rowNotEmpty[bin1]:(1,1,1,1)
Cycle[99]
datacount[4]:(1)
ready_o[4]:(1)
ready_o[4]:(1)
rowNotEmpty[bin1]:(1,1,1,1)
Cycle[100]
datacount[4]:(1)
ready_o[4]:(1)
ready_o[4]:(1)
rowNotEmpty[bin1]:(1,1,1,1)
Cycle[101]
datacount[4]:(0)
ready_o[4]:(1)
ready_o[4]:(1)
rowNotEmpty[bin1]:(1,1,1,1)
Cycle[102]
datacount[4]:(1)
ready_o[4]:(1)
ready_o[4]:(1)
rowNotEmpty[bin1]:(1,1,1,1)
Cycle[103]
datacount[4]:(0)
ready_o[4]:(1)
ready_o[4]:(1)
rowNotEmpty[bin1]:(1,1,1,1)
Cycle[104]
datacount[4]:(0)
ready_o[4]:(1)
ready_o[4]:(1)
rowNotEmpty[bin1]:(1,1,1,1)
Cycle[105]
datacount[4]:(1)
ready_o[4]:(1)
ready_o[4]:(1)
rowNotEmpty[bin1]:(1,1,1,1)
Cycle[106]
datacount[4]:(1)
ready_o[4]:(1)
ready_o[4]:(1)
rowNotEmpty[bin1]:(1,1,1,1)
Cycle[107]
datacount[4]:(1)
ready_o[4]:(1)
ready_o[4]:(1)
rowNotEmpty[bin1]:(1,1,1,1)
Cycle[108]
datacount[4]:(1)
ready_o[4]:(1)
ready_o[4]:(1)
rowNotEmpty[bin1]:(1,1,1,1)
Cycle[109]
datacount[4]:(0)
ready_o[4]:(1)
ready_o[4]:(1)
rowNotEmpty[bin1]:(1,1,1,1)
Cycle[110]
datacount[4]:(1)
ready_o[4]:(1)
ready_o[4]:(1)
rowNotEmpty[bin1]:(1,1,1,1)
Cycle[111]
datacount[4]:(1)
ready_o[4]:(1)
ready_o[4]:(1)
rowNotEmpty[bin1]:(1,1,1,1)
Cycle[112]
datacount[4]:(0)
ready_o[4]:(1)
ready_o[4]:(1)
rowNotEmpty[bin1]:(1,1,1,1)
Cycle[113]
datacount[4]:(0)
ready_o[4]:(1)
ready_o[4]:(1)
rowNotEmpty[bin1]:(1,1,1,1)
Cycle[114]
datacount[4]:(1)
ready_o[4]:(1)
ready_o[4]:(1)
rowNotEmpty[bin1]:(1,1,1,1)
Cycle[115]
datacount[4]:(1)
ready_o[4]:(1)
ready_o[4]:(1)
rowNotEmpty[bin1]:(1,1,1,1)
Cycle[116]
datacount[4]:(1)
ready_o[4]:(1)
ready_o[4]:(1)
rowNotEmpty[bin1]:(1,1,1,1)
Cycle[117]
datacount[4]:(1)
ready_o[4]:(1)
ready_o[4]:(1)
rowNotEmpty[bin1]:(1,1,1,1)
Cycle[118]
datacount[4]:(1)
ready_o[4]:(1)
ready_o[4]:(1)
rowNotEmpty[bin1]:(1,1,1,1)
Cycle[119]
datacount[4]:(2)
ready_o[4]:(1)
ready_o[4]:(1)
rowNotEmpty[bin1]:(1,1,1,1)
Cycle[120]
datacount[4]:(2)
ready_o[4]:(1)
ready_o[4]:(1)
rowNotEmpty[bin1]:(1,1,1,1)
Cycle[121]
datacount[4]:(2)
ready_o[4]:(1)
ready_o[4]:(1)
rowNotEmpty[bin1]:(1,1,1,1)
Cycle[122]
datacount[4]:(3)
ready_o[4]:(1)
ready_o[4]:(1)
rowNotEmpty[bin1]:(1,1,1,1)
Cycle[123]
datacount[4]:(3)
ready_o[4]:(1)
ready_o[4]:(1)
rowNotEmpty[bin1]:(1,1,1,1)
Cycle[124]
datacount[4]:(4)
ready_o[4]:(1)
ready_o[4]:(1)
rowNotEmpty[bin1]:(1,1,1,1)
Cycle[125]
datacount[4]:(4)
ready_o[4]:(0)
ready_o[4]:(0)
rowNotEmpty[bin1]:(1,1,1,1)
Cycle[126]
datacount[4]:(4)
ready_o[4]:(0)
ready_o[4]:(0)
rowNotEmpty[bin1]:(1,1,1,1)
Cycle[127]
datacount[4]:(4)
ready_o[4]:(0)
ready_o[4]:(0)
rowNotEmpty[bin1]:(1,1,1,1)
Cycle[128]
datacount[4]:(4)
ready_o[4]:(0)
ready_o[4]:(0)
rowNotEmpty[bin1]:(1,1,1,1)
Cycle[129]
datacount[4]:(4)
ready_o[4]:(0)
ready_o[4]:(0)
rowNotEmpty[bin1]:(1,1,1,1)
Cycle[130]
datacount[4]:(4)
ready_o[4]:(0)
ready_o[4]:(0)
rowNotEmpty[bin1]:(1,1,1,1)
Cycle[131]
datacount[4]:(4)
ready_o[4]:(0)
ready_o[4]:(0)
rowNotEmpty[bin1]:(1,1,1,1)
Cycle[132]
datacount[4]:(4)
ready_o[4]:(0)
ready_o[4]:(0)
rowNotEmpty[bin1]:(1,1,1,1)
Cycle[133]
datacount[4]:(4)
ready_o[4]:(0)
ready_o[4]:(0)
rowNotEmpty[bin1]:(1,1,1,1)
Cycle[134]
datacount[4]:(4)
ready_o[4]:(0)
ready_o[4]:(0)
rowNotEmpty[bin1]:(1,1,1,1)
Cycle[135]
datacount[4]:(3)
ready_o[4]:(0)
ready_o[4]:(0)
rowNotEmpty[bin1]:(1,1,1,1)
Cycle[136]
datacount[4]:(3)
ready_o[4]:(1)
ready_o[4]:(1)
rowNotEmpty[bin1]:(1,1,1,1)
Cycle[137]
datacount[4]:(2)
ready_o[4]:(1)
ready_o[4]:(1)
rowNotEmpty[bin1]:(1,1,1,1)
Cycle[138]
datacount[4]:(2)
ready_o[4]:(1)
ready_o[4]:(1)
rowNotEmpty[bin1]:(1,1,1,1)
Cycle[139]
datacount[4]:(2)
ready_o[4]:(1)
ready_o[4]:(1)
rowNotEmpty[bin1]:(1,1,1,1)
Cycle[140]
datacount[4]:(1)
ready_o[4]:(1)
ready_o[4]:(1)
rowNotEmpty[bin1]:(1,1,1,1)
Cycle[141]
datacount[4]:(0)
ready_o[4]:(1)
ready_o[4]:(1)
rowNotEmpty[bin1]:(1,1,1,1)
Cycle[142]
datacount[4]:(0)
ready_o[4]:(1)
ready_o[4]:(1)
rowNotEmpty[bin1]:(1,1,1,1)
Cycle[143]
datacount[4]:(1)
ready_o[4]:(1)
ready_o[4]:(1)
rowNotEmpty[bin1]:(1,1,1,1)
Cycle[144]
datacount[4]:(1)
ready_o[4]:(1)
ready_o[4]:(1)
rowNotEmpty[bin1]:(1,1,1,1)
Cycle[145]
datacount[4]:(0)
ready_o[4]:(1)
ready_o[4]:(1)
rowNotEmpty[bin1]:(1,1,1,1)
Cycle[146]
datacount[4]:(1)
ready_o[4]:(1)
ready_o[4]:(1)
rowNotEmpty[bin1]:(1,1,1,1)
Cycle[147]
datacount[4]:(1)
ready_o[4]:(1)
ready_o[4]:(1)
rowNotEmpty[bin1]:(1,1,1,1)
Cycle[148]
datacount[4]:(0)
ready_o[4]:(1)
ready_o[4]:(1)
rowNotEmpty[bin1]:(1,1,1,1)
Cycle[149]
datacount[4]:(0)
ready_o[4]:(1)
ready_o[4]:(1)
rowNotEmpty[bin1]:(1,1,1,1)
Cycle[150]
datacount[4]:(0)
ready_o[4]:(1)
ready_o[4]:(1)
rowNotEmpty[bin1]:(1,1,1,1)
Cycle[151]
datacount[4]:(0)
ready_o[4]:(1)
ready_o[4]:(1)
rowNotEmpty[bin1]:(1,1,1,1)
Cycle[152]
datacount[4]:(0)
ready_o[4]:(1)
ready_o[4]:(1)
rowNotEmpty[bin1]:(1,1,1,1)
Cycle[153]
datacount[4]:(1)
ready_o[4]:(1)
ready_o[4]:(1)
rowNotEmpty[bin1]:(1,1,1,1)
Cycle[154]
datacount[4]:(0)
ready_o[4]:(1)
ready_o[4]:(1)
rowNotEmpty[bin1]:(1,1,1,1)
Cycle[155]
datacount[4]:(1)
ready_o[4]:(1)
ready_o[4]:(1)
rowNotEmpty[bin1]:(1,1,1,1)
Cycle[156]
datacount[4]:(1)
ready_o[4]:(1)
ready_o[4]:(1)
rowNotEmpty[bin1]:(1,1,1,1)
Cycle[157]
datacount[4]:(0)
ready_o[4]:(1)
ready_o[4]:(1)
rowNotEmpty[bin1]:(1,1,1,1)
Cycle[158]
datacount[4]:(0)
ready_o[4]:(1)
ready_o[4]:(1)
rowNotEmpty[bin1]:(1,1,1,1)
Cycle[159]
datacount[4]:(1)
ready_o[4]:(1)
ready_o[4]:(1)
rowNotEmpty[bin1]:(1,1,1,1)
Cycle[160]
datacount[4]:(1)
ready_o[4]:(1)
ready_o[4]:(1)
rowNotEmpty[bin1]:(1,1,1,1)
Cycle[161]
datacount[4]:(0)
ready_o[4]:(1)
ready_o[4]:(1)
rowNotEmpty[bin1]:(1,1,1,1)
Cycle[162]
datacount[4]:(0)
ready_o[4]:(1)
ready_o[4]:(1)
rowNotEmpty[bin1]:(1,1,1,1)
Cycle[163]
datacount[4]:(1)
ready_o[4]:(1)
ready_o[4]:(1)
rowNotEmpty[bin1]:(1,1,1,1)
Cycle[164]
datacount[4]:(0)
ready_o[4]:(1)
ready_o[4]:(1)
rowNotEmpty[bin1]:(1,1,1,1)
Cycle[165]
datacount[4]:(0)
ready_o[4]:(1)
ready_o[4]:(1)
rowNotEmpty[bin1]:(1,1,1,1)
Cycle[166]
datacount[4]:(0)
ready_o[4]:(1)
ready_o[4]:(1)
rowNotEmpty[bin1]:(1,1,1,1)
Cycle[167]
datacount[4]:(1)
ready_o[4]:(1)
ready_o[4]:(1)
rowNotEmpty[bin1]:(1,1,1,1)
Cycle[168]
datacount[4]:(0)
ready_o[4]:(1)
ready_o[4]:(1)
rowNotEmpty[bin1]:(1,1,1,1)
Cycle[169]
datacount[4]:(1)
ready_o[4]:(1)
ready_o[4]:(1)
rowNotEmpty[bin1]:(1,1,1,1)
Cycle[170]
datacount[4]:(0)
ready_o[4]:(1)
ready_o[4]:(1)
rowNotEmpty[bin1]:(1,1,1,1)
Cycle[171]
datacount[4]:(0)
ready_o[4]:(1)
ready_o[4]:(1)
rowNotEmpty[bin1]:(1,1,1,1)
Cycle[172]
datacount[4]:(1)
ready_o[4]:(1)
ready_o[4]:(1)
rowNotEmpty[bin1]:(1,1,1,1)
Cycle[173]
datacount[4]:(1)
ready_o[4]:(1)
ready_o[4]:(1)
rowNotEmpty[bin1]:(1,1,1,1)
Cycle[174]
datacount[4]:(0)
ready_o[4]:(1)
ready_o[4]:(1)
rowNotEmpty[bin1]:(1,1,1,1)
Cycle[175]
datacount[4]:(0)
ready_o[4]:(1)
ready_o[4]:(1)
rowNotEmpty[bin1]:(1,1,1,1)
Cycle[176]
datacount[4]:(1)
ready_o[4]:(1)
ready_o[4]:(1)
rowNotEmpty[bin1]:(1,1,1,1)
Cycle[177]
datacount[4]:(0)
ready_o[4]:(1)
ready_o[4]:(1)
rowNotEmpty[bin1]:(1,1,1,1)
Cycle[178]
datacount[4]:(1)
ready_o[4]:(1)
ready_o[4]:(1)
rowNotEmpty[bin1]:(1,1,1,1)
Cycle[179]
datacount[4]:(1)
ready_o[4]:(1)
ready_o[4]:(1)
rowNotEmpty[bin1]:(1,1,1,1)
Cycle[180]
datacount[4]:(1)
ready_o[4]:(1)
ready_o[4]:(1)
rowNotEmpty[bin1]:(1,1,1,1)
Cycle[181]
datacount[4]:(0)
ready_o[4]:(1)
ready_o[4]:(1)
rowNotEmpty[bin1]:(1,1,1,1)
Cycle[182]
datacount[4]:(1)
ready_o[4]:(1)
ready_o[4]:(1)
rowNotEmpty[bin1]:(1,1,1,1)
Cycle[183]
datacount[4]:(0)
ready_o[4]:(1)
ready_o[4]:(1)
rowNotEmpty[bin1]:(1,1,1,1)
Cycle[184]
datacount[4]:(0)
ready_o[4]:(1)
ready_o[4]:(1)
rowNotEmpty[bin1]:(1,1,1,1)
Cycle[185]
datacount[4]:(1)
ready_o[4]:(1)
ready_o[4]:(1)
rowNotEmpty[bin1]:(1,1,1,1)
Cycle[186]
datacount[4]:(0)
ready_o[4]:(1)
ready_o[4]:(1)
rowNotEmpty[bin1]:(1,1,1,1)
Cycle[187]
datacount[4]:(0)
ready_o[4]:(1)
ready_o[4]:(1)
rowNotEmpty[bin1]:(1,1,1,1)
Cycle[188]
datacount[4]:(1)
ready_o[4]:(1)
ready_o[4]:(1)
rowNotEmpty[bin1]:(1,1,1,1)
Cycle[189]
datacount[4]:(1)
ready_o[4]:(1)
ready_o[4]:(1)
rowNotEmpty[bin1]:(1,1,1,1)
Cycle[190]
datacount[4]:(1)
ready_o[4]:(1)
ready_o[4]:(1)
rowNotEmpty[bin1]:(1,1,1,1)
Cycle[191]
datacount[4]:(1)
ready_o[4]:(1)
ready_o[4]:(1)
rowNotEmpty[bin1]:(1,1,1,1)
Cycle[192]
datacount[4]:(0)
ready_o[4]:(1)
ready_o[4]:(1)
rowNotEmpty[bin1]:(1,1,1,1)
Cycle[193]
datacount[4]:(0)
ready_o[4]:(1)
ready_o[4]:(1)
rowNotEmpty[bin1]:(1,1,1,1)
Cycle[194]
datacount[4]:(0)
ready_o[4]:(1)
ready_o[4]:(1)
rowNotEmpty[bin1]:(1,1,1,1)
Cycle[195]
datacount[4]:(1)
ready_o[4]:(1)
ready_o[4]:(1)
rowNotEmpty[bin1]:(1,1,1,1)
Cycle[196]
datacount[4]:(1)
ready_o[4]:(1)
ready_o[4]:(1)
rowNotEmpty[bin1]:(1,1,1,1)
Cycle[197]
datacount[4]:(0)
ready_o[4]:(1)
ready_o[4]:(1)
rowNotEmpty[bin1]:(1,1,1,1)
Cycle[198]
datacount[4]:(0)
ready_o[4]:(1)
ready_o[4]:(1)
rowNotEmpty[bin1]:(1,1,1,1)
Cycle[199]
datacount[4]:(0)
ready_o[4]:(1)
ready_o[4]:(1)
rowNotEmpty[bin1]:(1,1,1,1)
Cycle[200]
datacount[4]:(1)
ready_o[4]:(1)
ready_o[4]:(1)
rowNotEmpty[bin1]:(1,1,1,1)
Cycle[201]
datacount[4]:(1)
ready_o[4]:(1)
ready_o[4]:(1)
rowNotEmpty[bin1]:(1,1,1,1)
Cycle[202]
datacount[4]:(0)
ready_o[4]:(1)
ready_o[4]:(1)
rowNotEmpty[bin1]:(1,1,1,1)
Cycle[203]
datacount[4]:(0)
ready_o[4]:(1)
ready_o[4]:(1)
rowNotEmpty[bin1]:(1,1,1,1)
Cycle[204]
datacount[4]:(0)
ready_o[4]:(1)
ready_o[4]:(1)
rowNotEmpty[bin1]:(1,1,1,1)
Cycle[205]
datacount[4]:(0)
ready_o[4]:(1)
ready_o[4]:(1)
rowNotEmpty[bin1]:(1,1,1,1)
Cycle[206]
datacount[4]:(1)
ready_o[4]:(1)
ready_o[4]:(1)
rowNotEmpty[bin1]:(1,1,1,1)
Cycle[207]
datacount[4]:(1)
ready_o[4]:(1)
ready_o[4]:(1)
rowNotEmpty[bin1]:(0,1,1,1)
Cycle[208]
datacount[4]:(0)
ready_o[4]:(1)
ready_o[4]:(1)
rowNotEmpty[bin1]:(0,0,1,1)
Cycle[209]
datacount[4]:(1)
ready_o[4]:(1)
ready_o[4]:(1)
rowNotEmpty[bin1]:(0,0,0,1)
Cycle[210]
datacount[4]:(0)
ready_o[4]:(1)
ready_o[4]:(1)
rowNotEmpty[bin1]:(0,0,0,0)
Cycle[211]
datacount[4]:(1)
ready_o[4]:(1)
ready_o[4]:(1)
rowNotEmpty[bin1]:(0,0,0,0)
Cycle[212]
datacount[4]:(0)
ready_o[4]:(1)
ready_o[4]:(1)
rowNotEmpty[bin1]:(0,0,0,0)
Cycle[213]
datacount[4]:(0)
ready_o[4]:(1)
ready_o[4]:(1)
rowNotEmpty[bin1]:(0,0,0,0)
Cycle[214]
datacount[4]:(1)
ready_o[4]:(1)
ready_o[4]:(1)
rowNotEmpty[bin1]:(0,0,0,0)
Cycle[215]
datacount[4]:(0)
ready_o[4]:(1)
ready_o[4]:(1)
rowNotEmpty[bin1]:(0,0,0,0)
Cycle[216]
datacount[4]:(1)
ready_o[4]:(1)
ready_o[4]:(1)
rowNotEmpty[bin1]:(1,0,0,0)
Cycle[217]
datacount[4]:(0)
ready_o[4]:(1)
ready_o[4]:(1)
rowNotEmpty[bin1]:(1,0,0,0)
Cycle[218]
datacount[4]:(1)
ready_o[4]:(1)
ready_o[4]:(1)
rowNotEmpty[bin1]:(1,1,0,0)
Cycle[219]
datacount[4]:(0)
ready_o[4]:(1)
ready_o[4]:(1)
rowNotEmpty[bin1]:(1,1,0,0)
Cycle[220]
datacount[4]:(0)
ready_o[4]:(1)
ready_o[4]:(1)
rowNotEmpty[bin1]:(1,1,0,1)
Cycle[221]
datacount[4]:(0)
ready_o[4]:(1)
ready_o[4]:(1)
rowNotEmpty[bin1]:(1,1,0,1)
Cycle[222]
datacount[4]:(1)
ready_o[4]:(1)
ready_o[4]:(1)
rowNotEmpty[bin1]:(1,1,0,1)
Cycle[223]
datacount[4]:(0)
ready_o[4]:(1)
ready_o[4]:(1)
rowNotEmpty[bin1]:(1,1,1,1)
Cycle[224]
datacount[4]:(1)
ready_o[4]:(1)
ready_o[4]:(1)
rowNotEmpty[bin1]:(1,1,1,1)
Cycle[225]
datacount[4]:(0)
ready_o[4]:(1)
ready_o[4]:(1)
rowNotEmpty[bin1]:(1,1,1,1)
Cycle[226]
datacount[4]:(0)
ready_o[4]:(1)
ready_o[4]:(1)
rowNotEmpty[bin1]:(1,1,1,1)
Cycle[227]
datacount[4]:(1)
ready_o[4]:(1)
ready_o[4]:(1)
rowNotEmpty[bin1]:(1,1,1,1)
Cycle[228]
datacount[4]:(1)
ready_o[4]:(1)
ready_o[4]:(1)
rowNotEmpty[bin1]:(1,1,1,1)
Cycle[229]
datacount[4]:(0)
ready_o[4]:(1)
ready_o[4]:(1)
rowNotEmpty[bin1]:(1,1,1,1)
Cycle[230]
datacount[4]:(1)
ready_o[4]:(1)
ready_o[4]:(1)
rowNotEmpty[bin1]:(1,1,1,1)
Cycle[231]
datacount[4]:(0)
ready_o[4]:(1)
ready_o[4]:(1)
rowNotEmpty[bin1]:(1,1,1,1)
Cycle[232]
datacount[4]:(1)
ready_o[4]:(1)
ready_o[4]:(1)
rowNotEmpty[bin1]:(1,1,1,1)
Cycle[233]
datacount[4]:(0)
ready_o[4]:(1)
ready_o[4]:(1)
rowNotEmpty[bin1]:(1,1,1,1)
Cycle[234]
datacount[4]:(1)
ready_o[4]:(1)
ready_o[4]:(1)
rowNotEmpty[bin1]:(1,1,1,1)
Cycle[235]
datacount[4]:(0)
ready_o[4]:(1)
ready_o[4]:(1)
rowNotEmpty[bin1]:(1,1,1,1)
Cycle[236]
datacount[4]:(1)
ready_o[4]:(1)
ready_o[4]:(1)
rowNotEmpty[bin1]:(1,1,1,1)
Cycle[237]
datacount[4]:(0)
ready_o[4]:(1)
ready_o[4]:(1)
rowNotEmpty[bin1]:(1,1,1,1)
Cycle[238]
datacount[4]:(0)
ready_o[4]:(1)
ready_o[4]:(1)
rowNotEmpty[bin1]:(1,1,1,1)
Cycle[239]
datacount[4]:(0)
ready_o[4]:(1)
ready_o[4]:(1)
rowNotEmpty[bin1]:(1,1,1,1)
Cycle[240]
datacount[4]:(0)
ready_o[4]:(1)
ready_o[4]:(1)
rowNotEmpty[bin1]:(1,1,1,1)
Cycle[241]
datacount[4]:(0)
ready_o[4]:(1)
ready_o[4]:(1)
rowNotEmpty[bin1]:(1,1,1,1)
Cycle[242]
datacount[4]:(0)
ready_o[4]:(1)
ready_o[4]:(1)
rowNotEmpty[bin1]:(1,1,1,1)
Cycle[243]
datacount[4]:(1)
ready_o[4]:(1)
ready_o[4]:(1)
rowNotEmpty[bin1]:(1,1,1,1)
Cycle[244]
datacount[4]:(1)
ready_o[4]:(1)
ready_o[4]:(1)
rowNotEmpty[bin1]:(1,1,1,1)
Cycle[245]
datacount[4]:(2)
ready_o[4]:(1)
ready_o[4]:(1)
rowNotEmpty[bin1]:(1,1,1,1)
Cycle[246]
datacount[4]:(2)
ready_o[4]:(1)
ready_o[4]:(1)
rowNotEmpty[bin1]:(1,1,1,1)
Cycle[247]
datacount[4]:(2)
ready_o[4]:(1)
ready_o[4]:(1)
rowNotEmpty[bin1]:(1,1,1,1)
Cycle[248]
datacount[4]:(3)
ready_o[4]:(1)
ready_o[4]:(1)
rowNotEmpty[bin1]:(1,1,1,1)
Cycle[249]
datacount[4]:(4)
ready_o[4]:(1)
ready_o[4]:(1)
rowNotEmpty[bin1]:(1,1,1,1)
Cycle[250]
datacount[4]:(4)
ready_o[4]:(0)
ready_o[4]:(0)
rowNotEmpty[bin1]:(1,1,1,1)
Cycle[251]
datacount[4]:(3)
ready_o[4]:(0)
ready_o[4]:(0)
rowNotEmpty[bin1]:(1,1,1,1)
Cycle[252]
datacount[4]:(3)
ready_o[4]:(1)
ready_o[4]:(1)
rowNotEmpty[bin1]:(1,1,1,1)
Cycle[253]
datacount[4]:(2)
ready_o[4]:(1)
ready_o[4]:(1)
rowNotEmpty[bin1]:(1,1,1,1)
Cycle[254]
datacount[4]:(1)
ready_o[4]:(1)
ready_o[4]:(1)
rowNotEmpty[bin1]:(1,1,1,1)
Cycle[255]
datacount[4]:(1)
ready_o[4]:(1)
ready_o[4]:(1)
rowNotEmpty[bin1]:(1,1,1,1)
Cycle[256]
datacount[4]:(1)
ready_o[4]:(1)
ready_o[4]:(1)
rowNotEmpty[bin1]:(1,1,1,1)
Cycle[257]
datacount[4]:(1)
ready_o[4]:(1)
ready_o[4]:(1)
rowNotEmpty[bin1]:(1,1,1,1)
Cycle[258]
datacount[4]:(1)
ready_o[4]:(1)
ready_o[4]:(1)
rowNotEmpty[bin1]:(1,1,1,1)
Cycle[259]
datacount[4]:(1)
ready_o[4]:(1)
ready_o[4]:(1)
rowNotEmpty[bin1]:(1,1,1,1)
Cycle[260]
datacount[4]:(1)
ready_o[4]:(1)
ready_o[4]:(1)
rowNotEmpty[bin1]:(1,1,1,1)
Cycle[261]
datacount[4]:(1)
ready_o[4]:(1)
ready_o[4]:(1)
rowNotEmpty[bin1]:(1,1,1,1)
Cycle[262]
datacount[4]:(1)
ready_o[4]:(1)
ready_o[4]:(1)
rowNotEmpty[bin1]:(1,1,1,1)
Cycle[263]
datacount[4]:(1)
ready_o[4]:(1)
ready_o[4]:(1)
rowNotEmpty[bin1]:(1,1,1,1)
Cycle[264]
datacount[4]:(1)
ready_o[4]:(1)
ready_o[4]:(1)
rowNotEmpty[bin1]:(1,1,1,1)
Cycle[265]
datacount[4]:(0)
ready_o[4]:(1)
ready_o[4]:(1)
rowNotEmpty[bin1]:(1,1,1,1)
Cycle[266]
datacount[4]:(1)
ready_o[4]:(1)
ready_o[4]:(1)
rowNotEmpty[bin1]:(1,1,1,1)
Cycle[267]
datacount[4]:(0)
ready_o[4]:(1)
ready_o[4]:(1)
rowNotEmpty[bin1]:(1,1,1,1)
Cycle[268]
datacount[4]:(1)
ready_o[4]:(1)
ready_o[4]:(1)
rowNotEmpty[bin1]:(1,1,1,1)
Cycle[269]
datacount[4]:(1)
ready_o[4]:(1)
ready_o[4]:(1)
rowNotEmpty[bin1]:(1,1,1,1)
Cycle[270]
datacount[4]:(0)
ready_o[4]:(1)
ready_o[4]:(1)
rowNotEmpty[bin1]:(1,1,1,1)
Cycle[271]
datacount[4]:(0)
ready_o[4]:(1)
ready_o[4]:(1)
rowNotEmpty[bin1]:(1,1,1,1)
Cycle[272]
datacount[4]:(1)
ready_o[4]:(1)
ready_o[4]:(1)
rowNotEmpty[bin1]:(1,1,1,1)
Cycle[273]
datacount[4]:(0)
ready_o[4]:(1)
ready_o[4]:(1)
rowNotEmpty[bin1]:(1,1,1,1)
Cycle[274]
datacount[4]:(1)
ready_o[4]:(1)
ready_o[4]:(1)
rowNotEmpty[bin1]:(1,1,1,1)
Cycle[275]
datacount[4]:(0)
ready_o[4]:(1)
ready_o[4]:(1)
rowNotEmpty[bin1]:(1,1,1,1)
Cycle[276]
datacount[4]:(1)
ready_o[4]:(1)
ready_o[4]:(1)
rowNotEmpty[bin1]:(1,1,1,1)
Cycle[277]
datacount[4]:(0)
ready_o[4]:(1)
ready_o[4]:(1)
rowNotEmpty[bin1]:(1,1,1,1)
Cycle[278]
datacount[4]:(0)
ready_o[4]:(1)
ready_o[4]:(1)
rowNotEmpty[bin1]:(1,1,1,1)
Cycle[279]
datacount[4]:(0)
ready_o[4]:(1)
ready_o[4]:(1)
rowNotEmpty[bin1]:(1,1,1,1)
Cycle[280]
datacount[4]:(1)
ready_o[4]:(1)
ready_o[4]:(1)
rowNotEmpty[bin1]:(1,1,1,1)
Cycle[281]
datacount[4]:(1)
ready_o[4]:(1)
ready_o[4]:(1)
rowNotEmpty[bin1]:(1,1,1,1)
Cycle[282]
datacount[4]:(1)
ready_o[4]:(1)
ready_o[4]:(1)
rowNotEmpty[bin1]:(1,1,1,1)
Cycle[283]
datacount[4]:(1)
ready_o[4]:(1)
ready_o[4]:(1)
rowNotEmpty[bin1]:(1,1,1,1)
Cycle[284]
datacount[4]:(1)
ready_o[4]:(1)
ready_o[4]:(1)
rowNotEmpty[bin1]:(1,1,1,1)
Cycle[285]
datacount[4]:(0)
ready_o[4]:(1)
ready_o[4]:(1)
rowNotEmpty[bin1]:(1,1,1,1)
Cycle[286]
datacount[4]:(1)
ready_o[4]:(1)
ready_o[4]:(1)
rowNotEmpty[bin1]:(1,1,1,1)
Cycle[287]
datacount[4]:(1)
ready_o[4]:(1)
ready_o[4]:(1)
rowNotEmpty[bin1]:(1,1,1,1)
Cycle[288]
datacount[4]:(1)
ready_o[4]:(1)
ready_o[4]:(1)
rowNotEmpty[bin1]:(1,1,1,1)
Cycle[289]
datacount[4]:(0)
ready_o[4]:(1)
ready_o[4]:(1)
rowNotEmpty[bin1]:(1,1,1,1)
Cycle[290]
datacount[4]:(1)
ready_o[4]:(1)
ready_o[4]:(1)
rowNotEmpty[bin1]:(1,1,1,1)
Cycle[291]
datacount[4]:(0)
ready_o[4]:(1)
ready_o[4]:(1)
rowNotEmpty[bin1]:(1,1,1,1)
Cycle[292]
datacount[4]:(1)
ready_o[4]:(1)
ready_o[4]:(1)
rowNotEmpty[bin1]:(1,1,1,1)
Cycle[293]
datacount[4]:(0)
ready_o[4]:(1)
ready_o[4]:(1)
rowNotEmpty[bin1]:(1,1,1,1)
Cycle[294]
datacount[4]:(1)
ready_o[4]:(1)
ready_o[4]:(1)
rowNotEmpty[bin1]:(1,1,1,1)
Cycle[295]
datacount[4]:(0)
ready_o[4]:(1)
ready_o[4]:(1)
rowNotEmpty[bin1]:(1,1,1,1)
Cycle[296]
datacount[4]:(1)
ready_o[4]:(1)
ready_o[4]:(1)
rowNotEmpty[bin1]:(1,1,1,1)
Cycle[297]
datacount[4]:(1)
ready_o[4]:(1)
ready_o[4]:(1)
rowNotEmpty[bin1]:(1,1,1,1)
Cycle[298]
datacount[4]:(1)
ready_o[4]:(1)
ready_o[4]:(1)
rowNotEmpty[bin1]:(1,1,1,1)
Cycle[299]
datacount[4]:(1)
ready_o[4]:(1)
ready_o[4]:(1)
rowNotEmpty[bin1]:(1,1,1,1)
Cycle[300]
datacount[4]:(0)
ready_o[4]:(1)
ready_o[4]:(1)
rowNotEmpty[bin1]:(1,1,1,1)
Cycle[301]
datacount[4]:(0)
ready_o[4]:(1)
ready_o[4]:(1)
rowNotEmpty[bin1]:(1,1,1,1)
Cycle[302]
datacount[4]:(0)
ready_o[4]:(1)
ready_o[4]:(1)
rowNotEmpty[bin1]:(1,1,1,1)
Cycle[303]
datacount[4]:(1)
ready_o[4]:(1)
ready_o[4]:(1)
rowNotEmpty[bin1]:(1,1,1,1)
Cycle[304]
datacount[4]:(0)
ready_o[4]:(1)
ready_o[4]:(1)
rowNotEmpty[bin1]:(1,1,1,1)
Cycle[305]
datacount[4]:(0)
ready_o[4]:(1)
ready_o[4]:(1)
rowNotEmpty[bin1]:(1,1,1,1)
Cycle[306]
datacount[4]:(0)
ready_o[4]:(1)
ready_o[4]:(1)
rowNotEmpty[bin1]:(1,1,1,1)
Cycle[307]
datacount[4]:(0)
ready_o[4]:(1)
ready_o[4]:(1)
rowNotEmpty[bin1]:(1,1,1,1)
Cycle[308]
datacount[4]:(0)
ready_o[4]:(1)
ready_o[4]:(1)
rowNotEmpty[bin1]:(1,1,1,1)
Cycle[309]
datacount[4]:(0)
ready_o[4]:(1)
ready_o[4]:(1)
rowNotEmpty[bin1]:(1,1,1,1)
Cycle[310]
datacount[4]:(1)
ready_o[4]:(1)
ready_o[4]:(1)
rowNotEmpty[bin1]:(1,1,1,1)
Cycle[311]
datacount[4]:(1)
ready_o[4]:(1)
ready_o[4]:(1)
rowNotEmpty[bin1]:(1,1,1,1)
Cycle[312]
datacount[4]:(0)
ready_o[4]:(1)
ready_o[4]:(1)
rowNotEmpty[bin1]:(1,1,1,1)
Cycle[313]
datacount[4]:(1)
ready_o[4]:(1)
ready_o[4]:(1)
rowNotEmpty[bin1]:(1,1,1,1)
Cycle[314]
datacount[4]:(0)
ready_o[4]:(1)
ready_o[4]:(1)
rowNotEmpty[bin1]:(1,1,1,1)
Cycle[315]
datacount[4]:(1)
ready_o[4]:(1)
ready_o[4]:(1)
rowNotEmpty[bin1]:(1,1,1,1)
Cycle[316]
datacount[4]:(1)
ready_o[4]:(1)
ready_o[4]:(1)
rowNotEmpty[bin1]:(1,1,1,1)
Cycle[317]
datacount[4]:(1)
ready_o[4]:(1)
ready_o[4]:(1)
rowNotEmpty[bin1]:(1,1,1,1)
Cycle[318]
datacount[4]:(1)
ready_o[4]:(1)
ready_o[4]:(1)
rowNotEmpty[bin1]:(1,1,1,1)
Cycle[319]
datacount[4]:(0)
ready_o[4]:(1)
ready_o[4]:(1)
rowNotEmpty[bin1]:(0,1,1,1)
Cycle[320]
datacount[4]:(0)
ready_o[4]:(1)
ready_o[4]:(1)
rowNotEmpty[bin1]:(0,0,1,1)
Cycle[321]
datacount[4]:(0)
ready_o[4]:(1)
ready_o[4]:(1)
rowNotEmpty[bin1]:(0,0,1,1)
Cycle[322]
datacount[4]:(1)
ready_o[4]:(1)
ready_o[4]:(1)
rowNotEmpty[bin1]:(0,0,0,1)
Cycle[323]
datacount[4]:(0)
ready_o[4]:(1)
ready_o[4]:(1)
rowNotEmpty[bin1]:(0,0,0,0)
Cycle[324]
datacount[4]:(0)
ready_o[4]:(1)
ready_o[4]:(1)
rowNotEmpty[bin1]:(0,0,0,0)
Cycle[325]
datacount[4]:(1)
ready_o[4]:(1)
ready_o[4]:(1)
rowNotEmpty[bin1]:(0,0,0,0)
Cycle[326]
datacount[4]:(1)
ready_o[4]:(1)
ready_o[4]:(1)
rowNotEmpty[bin1]:(0,0,0,0)
Cycle[327]
datacount[4]:(0)
ready_o[4]:(1)
ready_o[4]:(1)
rowNotEmpty[bin1]:(0,0,0,0)
Cycle[328]
datacount[4]:(0)
ready_o[4]:(1)
ready_o[4]:(1)
rowNotEmpty[bin1]:(0,0,0,0)
Cycle[329]
datacount[4]:(0)
ready_o[4]:(1)
ready_o[4]:(1)
rowNotEmpty[bin1]:(0,1,0,0)
Cycle[330]
datacount[4]:(0)
ready_o[4]:(1)
ready_o[4]:(1)
rowNotEmpty[bin1]:(0,1,1,0)
Cycle[331]
datacount[4]:(1)
ready_o[4]:(1)
ready_o[4]:(1)
rowNotEmpty[bin1]:(1,1,1,0)
Cycle[332]
datacount[4]:(0)
ready_o[4]:(1)
ready_o[4]:(1)
rowNotEmpty[bin1]:(1,1,1,0)
Cycle[333]
datacount[4]:(0)
ready_o[4]:(1)
ready_o[4]:(1)
rowNotEmpty[bin1]:(1,1,1,0)
Cycle[334]
datacount[4]:(0)
ready_o[4]:(1)
ready_o[4]:(1)
rowNotEmpty[bin1]:(1,1,1,0)
Cycle[335]
datacount[4]:(0)
ready_o[4]:(1)
ready_o[4]:(1)
rowNotEmpty[bin1]:(1,1,1,1)
Cycle[336]
datacount[4]:(0)
ready_o[4]:(1)
ready_o[4]:(1)
rowNotEmpty[bin1]:(1,1,1,1)
Cycle[337]
datacount[4]:(1)
ready_o[4]:(1)
ready_o[4]:(1)
rowNotEmpty[bin1]:(1,1,1,1)
Cycle[338]
datacount[4]:(0)
ready_o[4]:(1)
ready_o[4]:(1)
rowNotEmpty[bin1]:(1,1,1,1)
Cycle[339]
datacount[4]:(0)
ready_o[4]:(1)
ready_o[4]:(1)
rowNotEmpty[bin1]:(1,1,1,1)
Cycle[340]
datacount[4]:(1)
ready_o[4]:(1)
ready_o[4]:(1)
rowNotEmpty[bin1]:(1,1,1,1)
Cycle[341]
datacount[4]:(0)
ready_o[4]:(1)
ready_o[4]:(1)
rowNotEmpty[bin1]:(1,1,1,1)
Cycle[342]
datacount[4]:(0)
ready_o[4]:(1)
ready_o[4]:(1)
rowNotEmpty[bin1]:(1,1,1,1)
Cycle[343]
datacount[4]:(0)
ready_o[4]:(1)
ready_o[4]:(1)
rowNotEmpty[bin1]:(1,1,1,1)
Cycle[344]
datacount[4]:(1)
ready_o[4]:(1)
ready_o[4]:(1)
rowNotEmpty[bin1]:(1,1,1,1)
Cycle[345]
datacount[4]:(0)
ready_o[4]:(1)
ready_o[4]:(1)
rowNotEmpty[bin1]:(1,1,1,1)
Cycle[346]
datacount[4]:(1)
ready_o[4]:(1)
ready_o[4]:(1)
rowNotEmpty[bin1]:(1,1,1,1)
Cycle[347]
datacount[4]:(0)
ready_o[4]:(1)
ready_o[4]:(1)
rowNotEmpty[bin1]:(1,1,1,1)
Cycle[348]
datacount[4]:(1)
ready_o[4]:(1)
ready_o[4]:(1)
rowNotEmpty[bin1]:(1,1,1,1)
Cycle[349]
datacount[4]:(1)
ready_o[4]:(1)
ready_o[4]:(1)
rowNotEmpty[bin1]:(1,1,1,1)
Cycle[350]
datacount[4]:(0)
ready_o[4]:(1)
ready_o[4]:(1)
rowNotEmpty[bin1]:(1,1,1,1)
Cycle[351]
datacount[4]:(0)
ready_o[4]:(1)
ready_o[4]:(1)
rowNotEmpty[bin1]:(1,1,1,1)
Cycle[352]
datacount[4]:(0)
ready_o[4]:(1)
ready_o[4]:(1)
rowNotEmpty[bin1]:(1,1,1,1)
Cycle[353]
datacount[4]:(0)
ready_o[4]:(1)
ready_o[4]:(1)
rowNotEmpty[bin1]:(1,1,1,1)
Cycle[354]
datacount[4]:(1)
ready_o[4]:(1)
ready_o[4]:(1)
rowNotEmpty[bin1]:(1,1,1,1)
Cycle[355]
datacount[4]:(1)
ready_o[4]:(1)
ready_o[4]:(1)
rowNotEmpty[bin1]:(1,1,1,1)
Cycle[356]
datacount[4]:(1)
ready_o[4]:(1)
ready_o[4]:(1)
rowNotEmpty[bin1]:(1,1,1,1)
Cycle[357]
datacount[4]:(2)
ready_o[4]:(1)
ready_o[4]:(1)
rowNotEmpty[bin1]:(1,1,1,1)
Cycle[358]
datacount[4]:(3)
ready_o[4]:(1)
ready_o[4]:(1)
rowNotEmpty[bin1]:(1,1,1,1)
Cycle[359]
datacount[4]:(3)
ready_o[4]:(1)
ready_o[4]:(1)
rowNotEmpty[bin1]:(1,1,1,1)
Cycle[360]
datacount[4]:(4)
ready_o[4]:(1)
ready_o[4]:(1)
rowNotEmpty[bin1]:(1,1,1,1)
Cycle[361]
datacount[4]:(4)
ready_o[4]:(0)
ready_o[4]:(0)
rowNotEmpty[bin1]:(1,1,1,1)
Cycle[362]
datacount[4]:(4)
ready_o[4]:(0)
ready_o[4]:(0)
rowNotEmpty[bin1]:(1,1,1,1)
Cycle[363]
datacount[4]:(3)
ready_o[4]:(0)
ready_o[4]:(0)
rowNotEmpty[bin1]:(1,1,1,1)
Cycle[364]
datacount[4]:(3)
ready_o[4]:(1)
ready_o[4]:(1)
rowNotEmpty[bin1]:(1,1,1,1)
Cycle[365]
datacount[4]:(3)
ready_o[4]:(1)
ready_o[4]:(1)
rowNotEmpty[bin1]:(1,1,1,1)
Cycle[366]
datacount[4]:(3)
ready_o[4]:(1)
ready_o[4]:(1)
rowNotEmpty[bin1]:(1,1,1,1)
Cycle[367]
datacount[4]:(2)
ready_o[4]:(1)
ready_o[4]:(1)
rowNotEmpty[bin1]:(1,1,1,1)
Cycle[368]
datacount[4]:(2)
ready_o[4]:(1)
ready_o[4]:(1)
rowNotEmpty[bin1]:(1,1,1,1)
Cycle[369]
datacount[4]:(2)
ready_o[4]:(1)
ready_o[4]:(1)
rowNotEmpty[bin1]:(1,1,1,1)
Cycle[370]
datacount[4]:(1)
ready_o[4]:(1)
ready_o[4]:(1)
rowNotEmpty[bin1]:(1,1,1,1)
Cycle[371]
datacount[4]:(1)
ready_o[4]:(1)
ready_o[4]:(1)
rowNotEmpty[bin1]:(1,1,1,1)
Cycle[372]
datacount[4]:(0)
ready_o[4]:(1)
ready_o[4]:(1)
rowNotEmpty[bin1]:(1,1,1,1)
Cycle[373]
datacount[4]:(0)
ready_o[4]:(1)
ready_o[4]:(1)
rowNotEmpty[bin1]:(1,1,1,1)
Cycle[374]
datacount[4]:(1)
ready_o[4]:(1)
ready_o[4]:(1)
rowNotEmpty[bin1]:(1,1,1,1)
Cycle[375]
datacount[4]:(0)
ready_o[4]:(1)
ready_o[4]:(1)
rowNotEmpty[bin1]:(1,1,1,1)
Cycle[376]
datacount[4]:(1)
ready_o[4]:(1)
ready_o[4]:(1)
rowNotEmpty[bin1]:(1,1,1,1)
Cycle[377]
datacount[4]:(0)
ready_o[4]:(1)
ready_o[4]:(1)
rowNotEmpty[bin1]:(1,1,1,1)
Cycle[378]
datacount[4]:(1)
ready_o[4]:(1)
ready_o[4]:(1)
rowNotEmpty[bin1]:(1,1,1,1)
Cycle[379]
datacount[4]:(1)
ready_o[4]:(1)
ready_o[4]:(1)
rowNotEmpty[bin1]:(1,1,1,1)
Cycle[380]
datacount[4]:(0)
ready_o[4]:(1)
ready_o[4]:(1)
rowNotEmpty[bin1]:(1,1,1,1)
Cycle[381]
datacount[4]:(1)
ready_o[4]:(1)
ready_o[4]:(1)
rowNotEmpty[bin1]:(1,1,1,1)
Cycle[382]
datacount[4]:(0)
ready_o[4]:(1)
ready_o[4]:(1)
rowNotEmpty[bin1]:(1,1,1,1)
Cycle[383]
datacount[4]:(1)
ready_o[4]:(1)
ready_o[4]:(1)
rowNotEmpty[bin1]:(1,1,1,1)
Cycle[384]
datacount[4]:(1)
ready_o[4]:(1)
ready_o[4]:(1)
rowNotEmpty[bin1]:(1,1,1,1)
Cycle[385]
datacount[4]:(0)
ready_o[4]:(1)
ready_o[4]:(1)
rowNotEmpty[bin1]:(1,1,1,1)
Cycle[386]
datacount[4]:(1)
ready_o[4]:(1)
ready_o[4]:(1)
rowNotEmpty[bin1]:(1,1,1,1)
Cycle[387]
datacount[4]:(0)
ready_o[4]:(1)
ready_o[4]:(1)
rowNotEmpty[bin1]:(1,1,1,1)
Cycle[388]
datacount[4]:(1)
ready_o[4]:(1)
ready_o[4]:(1)
rowNotEmpty[bin1]:(1,1,1,1)
Cycle[389]
datacount[4]:(0)
ready_o[4]:(1)
ready_o[4]:(1)
rowNotEmpty[bin1]:(1,1,1,1)
Cycle[390]
datacount[4]:(1)
ready_o[4]:(1)
ready_o[4]:(1)
rowNotEmpty[bin1]:(1,1,1,1)
Cycle[391]
datacount[4]:(0)
ready_o[4]:(1)
ready_o[4]:(1)
rowNotEmpty[bin1]:(1,1,1,1)
Cycle[392]
datacount[4]:(1)
ready_o[4]:(1)
ready_o[4]:(1)
rowNotEmpty[bin1]:(1,1,1,1)
Cycle[393]
datacount[4]:(1)
ready_o[4]:(1)
ready_o[4]:(1)
rowNotEmpty[bin1]:(1,1,1,1)
Cycle[394]
datacount[4]:(1)
ready_o[4]:(1)
ready_o[4]:(1)
rowNotEmpty[bin1]:(1,1,1,1)
Cycle[395]
datacount[4]:(1)
ready_o[4]:(1)
ready_o[4]:(1)
rowNotEmpty[bin1]:(1,1,1,1)
Cycle[396]
datacount[4]:(1)
ready_o[4]:(1)
ready_o[4]:(1)
rowNotEmpty[bin1]:(1,1,1,1)
Cycle[397]
datacount[4]:(0)
ready_o[4]:(1)
ready_o[4]:(1)
rowNotEmpty[bin1]:(1,1,1,1)
Cycle[398]
datacount[4]:(0)
ready_o[4]:(1)
ready_o[4]:(1)
rowNotEmpty[bin1]:(1,1,1,1)
Cycle[399]
datacount[4]:(0)
ready_o[4]:(1)
ready_o[4]:(1)
rowNotEmpty[bin1]:(1,1,1,1)
Cycle[400]
datacount[4]:(1)
ready_o[4]:(1)
ready_o[4]:(1)
rowNotEmpty[bin1]:(1,1,1,1)
Cycle[401]
datacount[4]:(1)
ready_o[4]:(1)
ready_o[4]:(1)
rowNotEmpty[bin1]:(1,1,1,1)
Cycle[402]
datacount[4]:(1)
ready_o[4]:(1)
ready_o[4]:(1)
rowNotEmpty[bin1]:(1,1,1,1)
Cycle[403]
datacount[4]:(0)
ready_o[4]:(1)
ready_o[4]:(1)
rowNotEmpty[bin1]:(1,1,1,1)
Cycle[404]
datacount[4]:(0)
ready_o[4]:(1)
ready_o[4]:(1)
rowNotEmpty[bin1]:(1,1,1,1)
Cycle[405]
datacount[4]:(0)
ready_o[4]:(1)
ready_o[4]:(1)
rowNotEmpty[bin1]:(1,1,1,1)
Cycle[406]
datacount[4]:(0)
ready_o[4]:(1)
ready_o[4]:(1)
rowNotEmpty[bin1]:(1,1,1,1)
Cycle[407]
datacount[4]:(1)
ready_o[4]:(1)
ready_o[4]:(1)
rowNotEmpty[bin1]:(1,1,1,1)
Cycle[408]
datacount[4]:(0)
ready_o[4]:(1)
ready_o[4]:(1)
rowNotEmpty[bin1]:(1,1,1,1)
Cycle[409]
datacount[4]:(0)
ready_o[4]:(1)
ready_o[4]:(1)
rowNotEmpty[bin1]:(1,1,1,1)
Cycle[410]
datacount[4]:(1)
ready_o[4]:(1)
ready_o[4]:(1)
rowNotEmpty[bin1]:(1,1,1,1)
Cycle[411]
datacount[4]:(1)
ready_o[4]:(1)
ready_o[4]:(1)
rowNotEmpty[bin1]:(1,1,1,1)
Cycle[412]
datacount[4]:(1)
ready_o[4]:(1)
ready_o[4]:(1)
rowNotEmpty[bin1]:(1,1,1,1)
Cycle[413]
datacount[4]:(0)
ready_o[4]:(1)
ready_o[4]:(1)
rowNotEmpty[bin1]:(1,1,1,1)
Cycle[414]
datacount[4]:(1)
ready_o[4]:(1)
ready_o[4]:(1)
rowNotEmpty[bin1]:(1,1,1,1)
Cycle[415]
datacount[4]:(1)
ready_o[4]:(1)
ready_o[4]:(1)
rowNotEmpty[bin1]:(1,1,1,1)
Cycle[416]
datacount[4]:(1)
ready_o[4]:(1)
ready_o[4]:(1)
rowNotEmpty[bin1]:(1,1,1,1)
Cycle[417]
datacount[4]:(0)
ready_o[4]:(1)
ready_o[4]:(1)
rowNotEmpty[bin1]:(1,1,1,1)
Cycle[418]
datacount[4]:(1)
ready_o[4]:(1)
ready_o[4]:(1)
rowNotEmpty[bin1]:(1,1,1,1)
Cycle[419]
datacount[4]:(1)
ready_o[4]:(1)
ready_o[4]:(1)
rowNotEmpty[bin1]:(1,1,1,1)
Cycle[420]
datacount[4]:(1)
ready_o[4]:(1)
ready_o[4]:(1)
rowNotEmpty[bin1]:(1,1,1,1)
Cycle[421]
datacount[4]:(1)
ready_o[4]:(1)
ready_o[4]:(1)
rowNotEmpty[bin1]:(1,1,1,1)
Cycle[422]
datacount[4]:(1)
ready_o[4]:(1)
ready_o[4]:(1)
rowNotEmpty[bin1]:(1,1,1,1)
Cycle[423]
datacount[4]:(1)
ready_o[4]:(1)
ready_o[4]:(1)
rowNotEmpty[bin1]:(1,1,1,1)
Cycle[424]
datacount[4]:(0)
ready_o[4]:(1)
ready_o[4]:(1)
rowNotEmpty[bin1]:(0,1,1,1)
Cycle[425]
datacount[4]:(1)
ready_o[4]:(1)
ready_o[4]:(1)
rowNotEmpty[bin1]:(0,1,1,1)
Cycle[426]
datacount[4]:(1)
ready_o[4]:(1)
ready_o[4]:(1)
rowNotEmpty[bin1]:(0,1,1,1)
Cycle[427]
datacount[4]:(1)
ready_o[4]:(1)
ready_o[4]:(1)
rowNotEmpty[bin1]:(0,1,1,1)
Cycle[428]
datacount[4]:(1)
ready_o[4]:(1)
ready_o[4]:(1)
rowNotEmpty[bin1]:(0,1,1,1)
Cycle[429]
datacount[4]:(0)
ready_o[4]:(1)
ready_o[4]:(1)
rowNotEmpty[bin1]:(0,1,1,1)
Cycle[430]
datacount[4]:(1)
ready_o[4]:(1)
ready_o[4]:(1)
rowNotEmpty[bin1]:(0,0,1,1)
Cycle[431]
datacount[4]:(1)
ready_o[4]:(1)
ready_o[4]:(1)
rowNotEmpty[bin1]:(0,0,0,1)
Cycle[432]
datacount[4]:(0)
ready_o[4]:(1)
ready_o[4]:(1)
rowNotEmpty[bin1]:(0,0,0,0)
Cycle[433]
datacount[4]:(0)
ready_o[4]:(1)
ready_o[4]:(1)
rowNotEmpty[bin1]:(0,0,0,0)
Cycle[434]
datacount[4]:(1)
ready_o[4]:(1)
ready_o[4]:(1)
rowNotEmpty[bin1]:(0,0,0,0)
Cycle[435]
datacount[4]:(0)
ready_o[4]:(1)
ready_o[4]:(1)
rowNotEmpty[bin1]:(0,0,0,0)
Cycle[436]
datacount[4]:(0)
ready_o[4]:(1)
ready_o[4]:(1)
rowNotEmpty[bin1]:(0,0,0,0)
Cycle[437]
datacount[4]:(0)
ready_o[4]:(1)
ready_o[4]:(1)
rowNotEmpty[bin1]:(0,0,0,0)
Cycle[438]
datacount[4]:(1)
ready_o[4]:(1)
ready_o[4]:(1)
rowNotEmpty[bin1]:(0,0,1,0)
Cycle[439]
datacount[4]:(1)
ready_o[4]:(1)
ready_o[4]:(1)
rowNotEmpty[bin1]:(1,0,1,0)
Cycle[440]
datacount[4]:(0)
ready_o[4]:(1)
ready_o[4]:(1)
rowNotEmpty[bin1]:(1,1,1,0)
Cycle[441]
datacount[4]:(1)
ready_o[4]:(1)
ready_o[4]:(1)
rowNotEmpty[bin1]:(1,1,1,0)
Cycle[442]
datacount[4]:(1)
ready_o[4]:(1)
ready_o[4]:(1)
rowNotEmpty[bin1]:(1,1,1,0)
Cycle[443]
datacount[4]:(1)
ready_o[4]:(1)
ready_o[4]:(1)
rowNotEmpty[bin1]:(1,1,1,0)
Cycle[444]
datacount[4]:(1)
ready_o[4]:(1)
ready_o[4]:(1)
rowNotEmpty[bin1]:(1,1,1,1)
Cycle[445]
datacount[4]:(0)
ready_o[4]:(1)
ready_o[4]:(1)
rowNotEmpty[bin1]:(1,1,1,1)
Cycle[446]
datacount[4]:(0)
ready_o[4]:(1)
ready_o[4]:(1)
rowNotEmpty[bin1]:(1,1,1,1)
Cycle[447]
datacount[4]:(0)
ready_o[4]:(1)
ready_o[4]:(1)
rowNotEmpty[bin1]:(1,1,1,1)
Cycle[448]
datacount[4]:(0)
ready_o[4]:(1)
ready_o[4]:(1)
rowNotEmpty[bin1]:(1,1,1,1)
Cycle[449]
datacount[4]:(1)
ready_o[4]:(1)
ready_o[4]:(1)
rowNotEmpty[bin1]:(1,1,1,1)
Cycle[450]
datacount[4]:(1)
ready_o[4]:(1)
ready_o[4]:(1)
rowNotEmpty[bin1]:(1,1,1,1)
Cycle[451]
datacount[4]:(1)
ready_o[4]:(1)
ready_o[4]:(1)
rowNotEmpty[bin1]:(1,1,1,1)
Cycle[452]
datacount[4]:(0)
ready_o[4]:(1)
ready_o[4]:(1)
rowNotEmpty[bin1]:(1,1,1,1)
Cycle[453]
datacount[4]:(0)
ready_o[4]:(1)
ready_o[4]:(1)
rowNotEmpty[bin1]:(1,1,1,1)
Cycle[454]
datacount[4]:(0)
ready_o[4]:(1)
ready_o[4]:(1)
rowNotEmpty[bin1]:(1,1,1,1)
Cycle[455]
datacount[4]:(0)
ready_o[4]:(1)
ready_o[4]:(1)
rowNotEmpty[bin1]:(1,1,1,1)
Cycle[456]
datacount[4]:(0)
ready_o[4]:(1)
ready_o[4]:(1)
rowNotEmpty[bin1]:(1,1,1,1)
Cycle[457]
datacount[4]:(1)
ready_o[4]:(1)
ready_o[4]:(1)
rowNotEmpty[bin1]:(1,1,1,1)
Cycle[458]
datacount[4]:(1)
ready_o[4]:(1)
ready_o[4]:(1)
rowNotEmpty[bin1]:(1,1,1,1)
Cycle[459]
datacount[4]:(1)
ready_o[4]:(1)
ready_o[4]:(1)
rowNotEmpty[bin1]:(1,1,1,1)
Cycle[460]
datacount[4]:(0)
ready_o[4]:(1)
ready_o[4]:(1)
rowNotEmpty[bin1]:(1,1,1,1)
Cycle[461]
datacount[4]:(1)
ready_o[4]:(1)
ready_o[4]:(1)
rowNotEmpty[bin1]:(1,1,1,1)
Cycle[462]
datacount[4]:(1)
ready_o[4]:(1)
ready_o[4]:(1)
rowNotEmpty[bin1]:(1,1,1,1)
Cycle[463]
datacount[4]:(1)
ready_o[4]:(1)
ready_o[4]:(1)
rowNotEmpty[bin1]:(1,1,1,1)
Cycle[464]
datacount[4]:(2)
ready_o[4]:(1)
ready_o[4]:(1)
rowNotEmpty[bin1]:(1,1,1,1)
Cycle[465]
datacount[4]:(3)
ready_o[4]:(1)
ready_o[4]:(1)
rowNotEmpty[bin1]:(1,1,1,1)
Cycle[466]
datacount[4]:(3)
ready_o[4]:(1)
ready_o[4]:(1)
rowNotEmpty[bin1]:(1,1,1,1)
Cycle[467]
datacount[4]:(3)
ready_o[4]:(1)
ready_o[4]:(1)
rowNotEmpty[bin1]:(1,1,1,1)
Cycle[468]
datacount[4]:(4)
ready_o[4]:(1)
ready_o[4]:(1)
rowNotEmpty[bin1]:(1,1,1,1)
Cycle[469]
datacount[4]:(4)
ready_o[4]:(0)
ready_o[4]:(0)
rowNotEmpty[bin1]:(1,1,1,1)
Cycle[470]
datacount[4]:(4)
ready_o[4]:(0)
ready_o[4]:(0)
rowNotEmpty[bin1]:(1,1,1,1)
Cycle[471]
datacount[4]:(4)
ready_o[4]:(0)
ready_o[4]:(0)
rowNotEmpty[bin1]:(1,1,1,1)
Cycle[472]
datacount[4]:(4)
ready_o[4]:(0)
ready_o[4]:(0)
rowNotEmpty[bin1]:(1,1,1,1)
Cycle[473]
datacount[4]:(4)
ready_o[4]:(0)
ready_o[4]:(0)
rowNotEmpty[bin1]:(1,1,1,1)
Cycle[474]
datacount[4]:(4)
ready_o[4]:(0)
ready_o[4]:(0)
rowNotEmpty[bin1]:(1,1,1,1)
Cycle[475]
datacount[4]:(4)
ready_o[4]:(0)
ready_o[4]:(0)
rowNotEmpty[bin1]:(1,1,1,1)
Cycle[476]
datacount[4]:(3)
ready_o[4]:(0)
ready_o[4]:(0)
rowNotEmpty[bin1]:(1,1,1,1)
Cycle[477]
datacount[4]:(2)
ready_o[4]:(1)
ready_o[4]:(1)
rowNotEmpty[bin1]:(1,1,1,1)
Cycle[478]
datacount[4]:(1)
ready_o[4]:(1)
ready_o[4]:(1)
rowNotEmpty[bin1]:(1,1,1,1)
Cycle[479]
datacount[4]:(1)
ready_o[4]:(1)
ready_o[4]:(1)
rowNotEmpty[bin1]:(1,1,1,1)
Cycle[480]
datacount[4]:(0)
ready_o[4]:(1)
ready_o[4]:(1)
rowNotEmpty[bin1]:(1,1,1,1)
Cycle[481]
datacount[4]:(0)
ready_o[4]:(1)
ready_o[4]:(1)
rowNotEmpty[bin1]:(1,1,1,1)
Cycle[482]
datacount[4]:(1)
ready_o[4]:(1)
ready_o[4]:(1)
rowNotEmpty[bin1]:(1,1,1,1)
Cycle[483]
datacount[4]:(0)
ready_o[4]:(1)
ready_o[4]:(1)
rowNotEmpty[bin1]:(1,1,1,1)
Cycle[484]
datacount[4]:(1)
ready_o[4]:(1)
ready_o[4]:(1)
rowNotEmpty[bin1]:(1,1,1,1)
Cycle[485]
datacount[4]:(0)
ready_o[4]:(1)
ready_o[4]:(1)
rowNotEmpty[bin1]:(1,1,1,1)
Cycle[486]
datacount[4]:(0)
ready_o[4]:(1)
ready_o[4]:(1)
rowNotEmpty[bin1]:(1,1,1,1)
Cycle[487]
datacount[4]:(1)
ready_o[4]:(1)
ready_o[4]:(1)
rowNotEmpty[bin1]:(1,1,1,1)
Cycle[488]
datacount[4]:(0)
ready_o[4]:(1)
ready_o[4]:(1)
rowNotEmpty[bin1]:(1,1,1,1)
Cycle[489]
datacount[4]:(1)
ready_o[4]:(1)
ready_o[4]:(1)
rowNotEmpty[bin1]:(1,1,1,1)
Cycle[490]
datacount[4]:(0)
ready_o[4]:(1)
ready_o[4]:(1)
rowNotEmpty[bin1]:(1,1,1,1)
Cycle[491]
datacount[4]:(1)
ready_o[4]:(1)
ready_o[4]:(1)
rowNotEmpty[bin1]:(1,1,1,1)
Cycle[492]
datacount[4]:(1)
ready_o[4]:(1)
ready_o[4]:(1)
rowNotEmpty[bin1]:(1,1,1,1)
Cycle[493]
datacount[4]:(0)
ready_o[4]:(1)
ready_o[4]:(1)
rowNotEmpty[bin1]:(1,1,1,1)
Cycle[494]
datacount[4]:(1)
ready_o[4]:(1)
ready_o[4]:(1)
rowNotEmpty[bin1]:(1,1,1,1)
Cycle[495]
datacount[4]:(1)
ready_o[4]:(1)
ready_o[4]:(1)
rowNotEmpty[bin1]:(1,1,1,1)
Cycle[496]
datacount[4]:(1)
ready_o[4]:(1)
ready_o[4]:(1)
rowNotEmpty[bin1]:(1,1,1,1)
Cycle[497]
datacount[4]:(1)
ready_o[4]:(1)
ready_o[4]:(1)
rowNotEmpty[bin1]:(1,1,1,1)
Cycle[498]
datacount[4]:(0)
ready_o[4]:(1)
ready_o[4]:(1)
rowNotEmpty[bin1]:(1,1,1,1)
Cycle[499]
datacount[4]:(0)
ready_o[4]:(1)
ready_o[4]:(1)
rowNotEmpty[bin1]:(1,1,1,1)
$finish called from file "qs_cu_tb.sv", line 263.
$finish at simulation time              5020000
           V C S   S i m u l a t i o n   R e p o r t 
Time: 5020000 ps
CPU Time:      0.580 seconds;       Data structure size:   0.3Mb
Tue Mar 14 18:13:21 2023
